\BOOKMARK [1][-]{section.1}{\376\377\000I\000n\000t\000r\000o\000d\000u\000c\000t\000i\000o\000n}{}% 1
\BOOKMARK [1][-]{section.2}{\376\377\000O\000v\000e\000r\000a\000l\000l\000\040\000A\000r\000c\000h\000i\000t\000e\000c\000t\000u\000r\000e}{}% 2
\BOOKMARK [2][-]{subsection.2.1}{\376\377\000E\000x\000e\000c\000u\000t\000i\000o\000n\000\040\000L\000a\000y\000e\000r\000:\000\040\000B\000u\000i\000l\000t\000-\000i\000n\000\040\000R\000o\000l\000l\000u\000p\000\040\000H\000i\000g\000h\000-\000s\000p\000e\000e\000d\000\040\000E\000x\000e\000c\000u\000t\000i\000o\000n\000\040\000E\000n\000g\000i\000n\000e}{section.2}% 3
\BOOKMARK [2][-]{subsection.2.2}{\376\377\000S\000e\000t\000t\000l\000e\000m\000e\000n\000t\000\040\000L\000a\000y\000e\000r\000:\000\040\000t\000h\000e\000\040\000H\000i\000g\000h\000e\000s\000t\000\040\000P\000e\000r\000f\000o\000r\000m\000a\000n\000c\000e\000\040\000E\000V\000M\000-\000c\000o\000m\000p\000a\000t\000i\000b\000l\000e\000\040\000C\000h\000a\000i\000n}{section.2}% 4
\BOOKMARK [2][-]{subsection.2.3}{\376\377\000D\000a\000t\000a\000\040\000A\000v\000a\000i\000l\000a\000b\000i\000l\000i\000t\000y\000\040\000L\000a\000y\000e\000r\000:\000\040\000M\000a\000s\000s\000i\000v\000e\000\040\000V\000a\000l\000i\000d\000a\000t\000o\000r\000s\000\040\000\046\000\040\000U\000n\000l\000i\000m\000i\000t\000e\000d\000\040\000S\000c\000a\000l\000a\000b\000i\000l\000i\000t\000y}{section.2}% 5
\BOOKMARK [2][-]{subsection.2.4}{\376\377\000C\000r\000o\000s\000s\000-\000C\000h\000a\000i\000n\000:\000\040\000F\000u\000l\000l\000\040\000I\000n\000t\000e\000r\000o\000p\000e\000r\000a\000b\000i\000l\000i\000t\000y\000\040\000o\000f\000\040\000A\000s\000s\000e\000t\000s\000\040\000a\000n\000d\000\040\000M\000e\000s\000s\000a\000g\000e\000s}{section.2}% 6
\BOOKMARK [1][-]{section.3}{\376\377\000C\000o\000l\000l\000a\000b\000o\000r\000a\000t\000i\000v\000e\000\040\000R\000o\000l\000l\000u\000p}{}% 7
\BOOKMARK [2][-]{subsection.3.1}{\376\377\000S\000e\000c\000u\000r\000i\000t\000y\000\040\000M\000o\000d\000e\000l}{section.3}% 8
\BOOKMARK [2][-]{subsection.3.2}{\376\377\000N\000o\000d\000e\000\040\000C\000l\000a\000s\000s\000i\000f\000i\000c\000a\000t\000i\000o\000n}{section.3}% 9
\BOOKMARK [2][-]{subsection.3.3}{\376\377\000V\000a\000l\000i\000d\000a\000t\000i\000o\000n\000\040\000a\000n\000d\000\040\000E\000n\000d\000o\000r\000s\000e\000m\000e\000n\000t}{section.3}% 10
\BOOKMARK [2][-]{subsection.3.4}{\376\377\000T\000r\000a\000n\000s\000a\000c\000t\000i\000o\000n\000\040\000E\000x\000e\000c\000u\000t\000i\000o\000n\000\040\000F\000l\000o\000w}{section.3}% 11
\BOOKMARK [1][-]{section.4}{\376\377\000C\000h\000a\000o\000s\000\040\000C\000o\000n\000s\000e\000n\000s\000u\000s}{}% 12
\BOOKMARK [2][-]{subsection.4.1}{\376\377\000P\000r\000o\000t\000o\000c\000o\000l\000\040\000O\000v\000e\000r\000v\000i\000e\000w}{section.4}% 13
\BOOKMARK [2][-]{subsection.4.2}{\376\377\000V\000a\000l\000i\000d\000a\000t\000o\000r\000\040\000S\000e\000t\000\040\000G\000e\000n\000e\000r\000a\000t\000i\000o\000n}{section.4}% 14
\BOOKMARK [2][-]{subsection.4.3}{\376\377\000R\000a\000n\000d\000o\000m\000\040\000N\000u\000m\000b\000e\000r\000\040\000G\000e\000n\000e\000r\000a\000t\000i\000o\000n\000\040\000A\000l\000g\000o\000r\000i\000t\000h\000m}{section.4}% 15
\BOOKMARK [2][-]{subsection.4.4}{\376\377\000S\000t\000r\000e\000a\000m\000l\000i\000n\000e\000\040\000C\000o\000n\000s\000e\000n\000s\000u\000s}{section.4}% 16
\BOOKMARK [2][-]{subsection.4.5}{\376\377\000B\000F\000T\000\040\000C\000o\000n\000s\000e\000n\000s\000u\000s\000\040\000F\000l\000o\000w}{section.4}% 17
\BOOKMARK [1][-]{section.5}{\376\377\000D\000a\000t\000a\000\040\000A\000v\000a\000i\000l\000a\000b\000i\000l\000i\000t\000y\000\040\000S\000h\000a\000r\000d\000i\000n\000g}{}% 18
\BOOKMARK [2][-]{subsection.5.1}{\376\377\000M\000o\000d\000e\000l\000\040\000a\000n\000d\000\040\000A\000s\000s\000u\000m\000p\000t\000i\000o\000n\000s}{section.5}% 19
\BOOKMARK [2][-]{subsection.5.2}{\376\377\000P\000r\000o\000o\000f\000\040\000o\000f\000\040\000D\000a\000t\000a\000\040\000A\000v\000a\000i\000l\000a\000b\000i\000l\000i\000t\000y}{section.5}% 20
\BOOKMARK [2][-]{subsection.5.3}{\376\377\000B\000l\000o\000c\000k\000\040\000P\000r\000o\000d\000u\000c\000t\000i\000o\000n\000\040\000F\000l\000o\000w}{section.5}% 21
\BOOKMARK [2][-]{subsection.5.4}{\376\377\000R\000a\000n\000d\000o\000m\000\040\000S\000a\000m\000p\000l\000i\000n\000g\000\040\000P\000r\000o\000o\000f\000s\000\040\000B\000a\000s\000e\000d\000\040\000o\000n\000\040\000z\000e\000r\000o\000-\000K\000n\000o\000w\000l\000e\000d\000g\000e\000\040\000P\000r\000o\000o\000f\000s}{section.5}% 22
\BOOKMARK [2][-]{subsection.5.5}{\376\377\000F\000r\000a\000u\000d\000-\000P\000r\000o\000o\000f}{section.5}% 23
\BOOKMARK [1][-]{section.6}{\376\377\000T\000i\000m\000e\000\040\000C\000r\000o\000s\000s\000i\000n\000g\000\040\000P\000r\000o\000t\000o\000c\000o\000l}{}% 24
\BOOKMARK [2][-]{subsection.6.1}{\376\377\000C\000r\000o\000s\000s\000-\000c\000h\000a\000i\000n\000\040\000V\000a\000l\000i\000d\000a\000t\000i\000o\000n}{section.6}% 25
\BOOKMARK [2][-]{subsection.6.2}{\376\377\000M\000u\000l\000t\000i\000-\000c\000h\000a\000i\000n\000\040\000S\000t\000r\000u\000c\000t\000u\000r\000e}{section.6}% 26
\BOOKMARK [2][-]{subsection.6.3}{\376\377\000C\000r\000o\000s\000s\000\040\000C\000h\000a\000n\000n\000e\000l\000:\000\040\000C\000r\000o\000s\000s\000-\000c\000h\000a\000i\000n\000\040\000C\000o\000n\000t\000r\000a\000c\000t\000\040\000C\000a\000l\000l\000s}{section.6}% 27
\BOOKMARK [2][-]{subsection.6.4}{\376\377\000I\000B\000C\000\040\000C\000o\000m\000p\000a\000t\000i\000b\000i\000l\000i\000t\000y}{section.6}% 28
\BOOKMARK [1][-]{section.7}{\376\377\000F\000u\000t\000u\000r\000e\000\040\000W\000o\000r\000k}{}% 29
